[2026-02-11 17:51:18] This is codeql execute queries -J-Xmx5126M --off-heap-ram=6132 --verbosity=progress --logdir=/Users/davidahmann/Projects/gait/.codeql/db-go/log --evaluator-log-level=5 --threads=0 --warnings=show --qlconfig-file=/Users/davidahmann/Projects/gait/qlconfig.yml --dynamic-join-order-mode=none --no-rerun --interpret-passthrough=null,--format=sarif-latest,-o=/Users/davidahmann/Projects/gait/.codeql/go.sarif,--max-paths=4,--csv-location-format=line-column,--print-diagnostics-summary,--print-metrics-summary,--threads=0,--qlconfig-file=/Users/davidahmann/Projects/gait/qlconfig.yml,--,/Users/davidahmann/Projects/gait/.codeql/db-go,codeql/go-queries:code-scanning --output=/Users/davidahmann/Projects/gait/.codeql/db-go/results -- /Users/davidahmann/Projects/gait/.codeql/db-go/db-go codeql/go-queries:code-scanning
[2026-02-11 17:51:18] Calling plumbing command: codeql resolve queries --qlconfig-file=/Users/davidahmann/Projects/gait/qlconfig.yml --format=json -- codeql/go-queries:code-scanning
[2026-02-11 17:51:18] [PROGRESS] resolve queries> Recording pack reference codeql/go-queries at /Users/davidahmann/.codeql/packages/codeql/go-queries/1.5.5.
[2026-02-11 17:51:18] [SPAMMIER] resolve queries> Resolution instruction: queries 'code-scanning'.
[2026-02-11 17:51:18] Exception caught at top level: /Users/davidahmann/.codeql/packages/codeql/go-queries/1.5.5/code-scanning which is referenced from a 'queries' instruction in /Users/davidahmann/Projects/gait is not a directory.
                      com.semmle.cli2.resolve.ResolveQueriesCommand$SuiteExpansionContext.lambda$execute$0(ResolveQueriesCommand.java:688)
                      java.base/java.util.Optional.ifPresent(Unknown Source)
                      com.semmle.cli2.resolve.ResolveQueriesCommand$SuiteExpansionContext.execute(ResolveQueriesCommand.java:685)
                      com.semmle.cli2.resolve.ResolveQueriesCommand$SuiteExpansionContext.execute(ResolveQueriesCommand.java:586)
                      com.semmle.cli2.resolve.ResolveQueriesCommand.expandInstructions(ResolveQueriesCommand.java:539)
                      com.semmle.cli2.resolve.ResolveQueriesCommand.expandQueryPack(ResolveQueriesCommand.java:534)
                      com.semmle.cli2.resolve.ResolveQueriesCommand.resolveQuerySpecifier(ResolveQueriesCommand.java:286)
                      com.semmle.cli2.resolve.ResolveQueriesCommand.executeJSON(ResolveQueriesCommand.java:211)
                      com.semmle.cli2.resolve.ResolveQueriesCommand.executeJSON(ResolveQueriesCommand.java:68)
                      com.semmle.cli2.picocli.SimpleJsonSubcommand.executeInsistingOnJSONWithExistingMessages(SimpleJsonSubcommand.java:121)
                      com.semmle.cli2.picocli.SubcommandCommon.withCompilationMessages(SubcommandCommon.java:444)
                      com.semmle.cli2.picocli.SimpleJsonSubcommand.executeInsistingOnJSON(SimpleJsonSubcommand.java:110)
                      com.semmle.cli2.picocli.PlumbingRunner.call(PlumbingRunner.java:61)
                      com.semmle.cli2.picocli.SubcommandCommon.callPlumbingInProcess(SubcommandCommon.java:170)
                      com.semmle.cli2.execute.ExecuteQueriesCommand.executeSubcommand(ExecuteQueriesCommand.java:425)
                      com.semmle.cli2.picocli.SubcommandCommon.lambda$executeSubcommandWithMessages$5(SubcommandCommon.java:886)
                      com.semmle.cli2.picocli.SubcommandCommon.withCompilationMessages(SubcommandCommon.java:444)
                      com.semmle.cli2.picocli.SubcommandCommon.executeSubcommandWithMessages(SubcommandCommon.java:884)
                      com.semmle.cli2.picocli.SubcommandCommon.toplevelMain(SubcommandCommon.java:777)
                      com.semmle.cli2.picocli.SubcommandCommon.call(SubcommandCommon.java:757)
                      com.semmle.cli2.picocli.SubcommandMaker.runMain(SubcommandMaker.java:238)
                      com.semmle.cli2.picocli.SubcommandMaker.runMain(SubcommandMaker.java:259)
                      com.semmle.cli2.CodeQL.main(CodeQL.java:113)
[2026-02-11 17:51:18] [SPAMMY] execute queries> Failed to write 1 diagnostics for execute queries since this subcommand could not determine its diagnostic directory.
